Arguments: 
  /usr/local/Cellar/node/12.12.0/bin/node /usr/local/bin/yarn add @nest/common -D

PATH: 
  /usr/local/opt/sqlite/bin:/Users/vladimirzhdanov/Library/Android/sdk/platform-tools:/Users/vladimirzhdanov/.cargo/bin:/usr/local/bin:/usr/bin:/bin:/usr/sbin:/sbin:/opt/X11/bin:/Library/Frameworks/Mono.framework/Versions/Current/Commands:/usr/local/opt/sqlite/bin:/Users/vladimirzhdanov/Library/Android/sdk/platform-tools:/Users/vladimirzhdanov/.cargo/bin:/usr/local/sbin:/usr/local/go/bin:/Users/vladimirzhdanov/go/bin:/Users/vladimirzhdanov/.yarn/bin:/Users/vladimirzhdanov/Library/Python/3.6/bin:/Users/vladimirzhdanov/.fzf/bin:/usr/local/sbin:/usr/local/go/bin:/Users/vladimirzhdanov/go/bin:/Users/vladimirzhdanov/.yarn/bin:/Users/vladimirzhdanov/Library/Python/3.6/bin

Yarn version: 
  1.17.3

Node version: 
  12.12.0

Platform: 
  darwin x64

Trace: 
  Error: https://registry.yarnpkg.com/@nest%2fcommon: Not found
      at Request.params.callback [as _callback] (/usr/local/lib/node_modules/yarn/lib/cli.js:66830:18)
      at Request.self.callback (/usr/local/lib/node_modules/yarn/lib/cli.js:140464:22)
      at Request.emit (events.js:210:5)
      at Request.<anonymous> (/usr/local/lib/node_modules/yarn/lib/cli.js:141436:10)
      at Request.emit (events.js:210:5)
      at IncomingMessage.<anonymous> (/usr/local/lib/node_modules/yarn/lib/cli.js:141358:12)
      at Object.onceWrapper (events.js:299:28)
      at IncomingMessage.emit (events.js:215:7)
      at endReadableNT (_stream_readable.js:1183:12)
      at processTicksAndRejections (internal/process/task_queues.js:80:21)

npm manifest: 
  {
    "name": "nest-telegram-bot",
    "version": "0.0.1",
    "main": "index.js",
    "license": "MIT"
  }

yarn manifest: 
  No manifest

Lockfile: 
  No lockfile
